2018-10-10 18:03:37.384  INFO 5100 --- [main] com.cse586.lab1.Application              : Starting Application on Poojas-MacBook-Pro.local with PID 5100 (/Users/poojashingavi/IdeaProjects/CSE586lab1phase2/target/classes started by poojashingavi in /Users/poojashingavi/IdeaProjects/CSE586lab1phase2)
2018-10-10 18:03:37.387  INFO 5100 --- [main] com.cse586.lab1.Application              : No active profile set, falling back to default profiles: default
2018-10-10 18:03:37.501  INFO 5100 --- [main] ConfigServletWebServerApplicationContext : Refreshing org.springframework.boot.web.servlet.context.AnnotationConfigServletWebServerApplicationContext@1580df59: startup date [Wed Oct 10 18:03:37 EDT 2018]; root of context hierarchy
2018-10-10 18:03:38.968  INFO 5100 --- [main] trationDelegate$BeanPostProcessorChecker : Bean 'org.springframework.transaction.annotation.ProxyTransactionManagementConfiguration' of type [org.springframework.transaction.annotation.ProxyTransactionManagementConfiguration$$EnhancerBySpringCGLIB$$dbcb6ec5] is not eligible for getting processed by all BeanPostProcessors (for example: not eligible for auto-proxying)
2018-10-10 18:03:39.451  INFO 5100 --- [main] o.s.b.w.embedded.tomcat.TomcatWebServer  : Tomcat initialized with port(s): 8090 (http)
2018-10-10 18:03:39.480  INFO 5100 --- [main] o.apache.catalina.core.StandardService   : Starting service [Tomcat]
2018-10-10 18:03:39.480  INFO 5100 --- [main] org.apache.catalina.core.StandardEngine  : Starting Servlet Engine: Apache Tomcat/8.5.34
2018-10-10 18:03:39.489  INFO 5100 --- [localhost-startStop-1] o.a.catalina.core.AprLifecycleListener   : The APR based Apache Tomcat Native library which allows optimal performance in production environments was not found on the java.library.path: [/Users/poojashingavi/Library/Java/Extensions:/Library/Java/Extensions:/Network/Library/Java/Extensions:/System/Library/Java/Extensions:/usr/lib/java:.]
2018-10-10 18:03:39.745  INFO 5100 --- [localhost-startStop-1] org.apache.jasper.servlet.TldScanner     : At least one JAR was scanned for TLDs yet contained no TLDs. Enable debug logging for this logger for a complete list of JARs that were scanned but no TLDs were found in them. Skipping unneeded JARs during scanning can improve startup time and JSP compilation time.
2018-10-10 18:03:39.755  INFO 5100 --- [localhost-startStop-1] o.a.c.c.C.[Tomcat].[localhost].[/]       : Initializing Spring embedded WebApplicationContext
2018-10-10 18:03:39.755  INFO 5100 --- [localhost-startStop-1] o.s.web.context.ContextLoader            : Root WebApplicationContext: initialization completed in 2254 ms
2018-10-10 18:03:39.815  INFO 5100 --- [localhost-startStop-1] o.s.b.w.servlet.ServletRegistrationBean  : Servlet dispatcherServlet mapped to [/]
2018-10-10 18:03:39.818  INFO 5100 --- [localhost-startStop-1] o.s.b.w.servlet.FilterRegistrationBean   : Mapping filter: 'characterEncodingFilter' to: [/*]
2018-10-10 18:03:39.819  INFO 5100 --- [localhost-startStop-1] o.s.b.w.servlet.FilterRegistrationBean   : Mapping filter: 'hiddenHttpMethodFilter' to: [/*]
2018-10-10 18:03:39.819  INFO 5100 --- [localhost-startStop-1] o.s.b.w.servlet.FilterRegistrationBean   : Mapping filter: 'httpPutFormContentFilter' to: [/*]
2018-10-10 18:03:39.820  INFO 5100 --- [localhost-startStop-1] o.s.b.w.servlet.FilterRegistrationBean   : Mapping filter: 'requestContextFilter' to: [/*]
2018-10-10 18:03:39.970  INFO 5100 --- [main] com.zaxxer.hikari.HikariDataSource       : HikariPool-1 - Starting...
2018-10-10 18:03:40.235  INFO 5100 --- [main] com.zaxxer.hikari.HikariDataSource       : HikariPool-1 - Start completed.
2018-10-10 18:03:40.275  INFO 5100 --- [main] j.LocalContainerEntityManagerFactoryBean : Building JPA container EntityManagerFactory for persistence unit 'default'
2018-10-10 18:03:40.298  INFO 5100 --- [main] o.hibernate.jpa.internal.util.LogHelper  : HHH000204: Processing PersistenceUnitInfo [
	name: default
	...]
2018-10-10 18:03:40.413  INFO 5100 --- [main] org.hibernate.Version                    : HHH000412: Hibernate Core {5.2.17.Final}
2018-10-10 18:03:40.414  INFO 5100 --- [main] org.hibernate.cfg.Environment            : HHH000206: hibernate.properties not found
2018-10-10 18:03:40.462  INFO 5100 --- [main] o.hibernate.annotations.common.Version   : HCANN000001: Hibernate Commons Annotations {5.0.1.Final}
2018-10-10 18:03:40.630  INFO 5100 --- [main] org.hibernate.dialect.Dialect            : HHH000400: Using dialect: org.hibernate.dialect.MySQL5Dialect
2018-10-10 18:03:41.351  INFO 5100 --- [main] j.LocalContainerEntityManagerFactoryBean : Initialized JPA EntityManagerFactory for persistence unit 'default'
2018-10-10 18:03:41.689  INFO 5100 --- [main] o.s.w.s.handler.SimpleUrlHandlerMapping  : Mapped URL path [/**/favicon.ico] onto handler of type [class org.springframework.web.servlet.resource.ResourceHttpRequestHandler]
2018-10-10 18:03:41.908  INFO 5100 --- [main] s.w.s.m.m.a.RequestMappingHandlerAdapter : Looking for @ControllerAdvice: org.springframework.boot.web.servlet.context.AnnotationConfigServletWebServerApplicationContext@1580df59: startup date [Wed Oct 10 18:03:37 EDT 2018]; root of context hierarchy
2018-10-10 18:03:41.961  WARN 5100 --- [main] aWebConfiguration$JpaWebMvcConfiguration : spring.jpa.open-in-view is enabled by default. Therefore, database queries may be performed during view rendering. Explicitly configure spring.jpa.open-in-view to disable this warning
2018-10-10 18:03:42.002  INFO 5100 --- [main] s.w.s.m.m.a.RequestMappingHandlerMapping : Mapped "{[/index],methods=[POST]}" onto public java.lang.String com.cse586.lab1.controller.CompleteWaypointsController.defaultForward(org.json.simple.JSONObject)
2018-10-10 18:03:42.007  INFO 5100 --- [main] s.w.s.m.m.a.RequestMappingHandlerMapping : Mapped "{[/error]}" onto public org.springframework.http.ResponseEntity<java.util.Map<java.lang.String, java.lang.Object>> org.springframework.boot.autoconfigure.web.servlet.error.BasicErrorController.error(javax.servlet.http.HttpServletRequest)
2018-10-10 18:03:42.008  INFO 5100 --- [main] s.w.s.m.m.a.RequestMappingHandlerMapping : Mapped "{[/error],produces=[text/html]}" onto public org.springframework.web.servlet.ModelAndView org.springframework.boot.autoconfigure.web.servlet.error.BasicErrorController.errorHtml(javax.servlet.http.HttpServletRequest,javax.servlet.http.HttpServletResponse)
2018-10-10 18:03:42.020  INFO 5100 --- [main] o.s.w.s.handler.SimpleUrlHandlerMapping  : Root mapping to handler of type [class org.springframework.web.servlet.mvc.ParameterizableViewController]
2018-10-10 18:03:42.033  INFO 5100 --- [main] o.s.w.s.handler.SimpleUrlHandlerMapping  : Mapped URL path [/webjars/**] onto handler of type [class org.springframework.web.servlet.resource.ResourceHttpRequestHandler]
2018-10-10 18:03:42.033  INFO 5100 --- [main] o.s.w.s.handler.SimpleUrlHandlerMapping  : Mapped URL path [/**] onto handler of type [class org.springframework.web.servlet.resource.ResourceHttpRequestHandler]
2018-10-10 18:03:42.099  INFO 5100 --- [main] o.s.b.a.w.s.WelcomePageHandlerMapping    : Adding welcome page: class path resource [static/index.html]
2018-10-10 18:03:42.451  INFO 5100 --- [main] o.s.j.e.a.AnnotationMBeanExporter        : Registering beans for JMX exposure on startup
2018-10-10 18:03:42.453  INFO 5100 --- [main] o.s.j.e.a.AnnotationMBeanExporter        : Bean with name 'dataSource' has been autodetected for JMX exposure
2018-10-10 18:03:42.458  INFO 5100 --- [main] o.s.j.e.a.AnnotationMBeanExporter        : Located MBean 'dataSource': registering with JMX server as MBean [com.zaxxer.hikari:name=dataSource,type=HikariDataSource]
2018-10-10 18:03:42.571  INFO 5100 --- [main] o.s.b.w.embedded.tomcat.TomcatWebServer  : Tomcat started on port(s): 8090 (http) with context path ''
2018-10-10 18:03:42.578  INFO 5100 --- [main] com.cse586.lab1.Application              : Started Application in 5.955 seconds (JVM running for 11.319)
2018-10-10 18:05:34.581  INFO 5100 --- [http-nio-8090-exec-1] o.a.c.c.C.[Tomcat].[localhost].[/]       : Initializing Spring FrameworkServlet 'dispatcherServlet'
2018-10-10 18:05:34.582  INFO 5100 --- [http-nio-8090-exec-1] o.s.web.servlet.DispatcherServlet        : FrameworkServlet 'dispatcherServlet': initialization started
2018-10-10 18:05:34.609  INFO 5100 --- [http-nio-8090-exec-1] o.s.web.servlet.DispatcherServlet        : FrameworkServlet 'dispatcherServlet': initialization completed in 26 ms
2018-10-10 18:16:19.046  INFO 5100 --- [http-nio-8090-exec-4] c.c.l.c.CompleteWaypointsController      : Received request and forwarding it
2018-10-10 18:16:19.049  INFO 5100 --- [http-nio-8090-exec-4] c.c.l.service.CompleteWaypointsService   : Fetching complete waypoint data
2018-10-10 18:16:19.050  INFO 5100 --- [http-nio-8090-exec-4] c.c.l.service.CompleteWaypointsService   : Check for cached data
2018-10-10 18:16:19.050  INFO 5100 --- [http-nio-8090-exec-4] c.c.l.service.CompleteWaypointsService   : Checking if data is cached for Buffalo, NY, USA-Dallas, TX, USA
2018-10-10 18:16:19.125  INFO 5100 --- [http-nio-8090-exec-4] o.h.h.i.QueryTranslatorFactoryInitiator  : HHH000397: Using ASTQueryTranslatorFactory
2018-10-10 18:16:19.308  INFO 5100 --- [http-nio-8090-exec-4] c.c.l.service.CompleteWaypointsService   : Fetching direction data from Buffalo, NY, USA to Dallas, TX, USA
2018-10-10 18:16:19.310  INFO 5100 --- [http-nio-8090-exec-4] c.c.l.service.CompleteWaypointsService   : Getting data from endpoint
2018-10-10 18:16:20.359  INFO 5100 --- [http-nio-8090-exec-4] c.c.l.service.CompleteWaypointsService   : Direction data retrieved in(ms): 1035
2018-10-10 18:16:20.360  INFO 5100 --- [http-nio-8090-exec-4] c.c.l.service.CompleteWaypointsService   : Fetching weather data
2018-10-10 18:16:20.361  INFO 5100 --- [http-nio-8090-exec-4] c.c.l.service.CompleteWaypointsService   : Getting data from endpoint
2018-10-10 18:16:20.507  INFO 5100 --- [http-nio-8090-exec-4] c.c.l.service.CompleteWaypointsService   : Retrieved weather data from Buffalo, US
2018-10-10 18:16:20.507  INFO 5100 --- [http-nio-8090-exec-4] c.c.l.service.CompleteWaypointsService   : Fetching weather data
2018-10-10 18:16:20.508  INFO 5100 --- [http-nio-8090-exec-4] c.c.l.service.CompleteWaypointsService   : Getting data from endpoint
2018-10-10 18:16:20.624  INFO 5100 --- [http-nio-8090-exec-4] c.c.l.service.CompleteWaypointsService   : Retrieved weather data from West Seneca, US
2018-10-10 18:16:20.624  INFO 5100 --- [http-nio-8090-exec-4] c.c.l.service.CompleteWaypointsService   : Fetching weather data
2018-10-10 18:16:20.625  INFO 5100 --- [http-nio-8090-exec-4] c.c.l.service.CompleteWaypointsService   : Getting data from endpoint
2018-10-10 18:16:21.095  INFO 5100 --- [http-nio-8090-exec-4] c.c.l.service.CompleteWaypointsService   : Retrieved weather data from Highland Hills, US
2018-10-10 18:16:21.095  INFO 5100 --- [http-nio-8090-exec-4] c.c.l.service.CompleteWaypointsService   : Fetching weather data
2018-10-10 18:16:21.096  INFO 5100 --- [http-nio-8090-exec-4] c.c.l.service.CompleteWaypointsService   : Getting data from endpoint
2018-10-10 18:16:21.382  INFO 5100 --- [http-nio-8090-exec-4] c.c.l.service.CompleteWaypointsService   : Retrieved weather data from Medina, US
2018-10-10 18:16:21.382  INFO 5100 --- [http-nio-8090-exec-4] c.c.l.service.CompleteWaypointsService   : Fetching weather data
2018-10-10 18:16:21.383  INFO 5100 --- [http-nio-8090-exec-4] c.c.l.service.CompleteWaypointsService   : Getting data from endpoint
2018-10-10 18:16:21.495  INFO 5100 --- [http-nio-8090-exec-4] c.c.l.service.CompleteWaypointsService   : Retrieved weather data from Columbus, US
2018-10-10 18:16:21.495  INFO 5100 --- [http-nio-8090-exec-4] c.c.l.service.CompleteWaypointsService   : Fetching weather data
2018-10-10 18:16:21.496  INFO 5100 --- [http-nio-8090-exec-4] c.c.l.service.CompleteWaypointsService   : Getting data from endpoint
2018-10-10 18:16:21.604  INFO 5100 --- [http-nio-8090-exec-4] c.c.l.service.CompleteWaypointsService   : Retrieved weather data from Columbus, US
2018-10-10 18:16:21.605  INFO 5100 --- [http-nio-8090-exec-4] c.c.l.service.CompleteWaypointsService   : Fetching weather data
2018-10-10 18:16:21.605  INFO 5100 --- [http-nio-8090-exec-4] c.c.l.service.CompleteWaypointsService   : Getting data from endpoint
2018-10-10 18:16:21.713  INFO 5100 --- [http-nio-8090-exec-4] c.c.l.service.CompleteWaypointsService   : Retrieved weather data from Boone County, US
2018-10-10 18:16:21.714  INFO 5100 --- [http-nio-8090-exec-4] c.c.l.service.CompleteWaypointsService   : Fetching weather data
2018-10-10 18:16:21.714  INFO 5100 --- [http-nio-8090-exec-4] c.c.l.service.CompleteWaypointsService   : Getting data from endpoint
2018-10-10 18:16:21.823  INFO 5100 --- [http-nio-8090-exec-4] c.c.l.service.CompleteWaypointsService   : Retrieved weather data from Audubon Park, US
2018-10-10 18:16:21.823  INFO 5100 --- [http-nio-8090-exec-4] c.c.l.service.CompleteWaypointsService   : Fetching weather data
2018-10-10 18:16:21.824  INFO 5100 --- [http-nio-8090-exec-4] c.c.l.service.CompleteWaypointsService   : Getting data from endpoint
2018-10-10 18:16:21.995  INFO 5100 --- [http-nio-8090-exec-4] c.c.l.service.CompleteWaypointsService   : Retrieved weather data from Nashville, US
2018-10-10 18:16:21.996  INFO 5100 --- [http-nio-8090-exec-4] c.c.l.service.CompleteWaypointsService   : Fetching weather data
2018-10-10 18:16:21.996  INFO 5100 --- [http-nio-8090-exec-4] c.c.l.service.CompleteWaypointsService   : Getting data from endpoint
2018-10-10 18:16:22.108  INFO 5100 --- [http-nio-8090-exec-4] c.c.l.service.CompleteWaypointsService   : Retrieved weather data from Arlington, US
2018-10-10 18:16:22.109  INFO 5100 --- [http-nio-8090-exec-4] c.c.l.service.CompleteWaypointsService   : Fetching weather data
2018-10-10 18:16:22.109  INFO 5100 --- [http-nio-8090-exec-4] c.c.l.service.CompleteWaypointsService   : Getting data from endpoint
2018-10-10 18:16:22.216  INFO 5100 --- [http-nio-8090-exec-4] c.c.l.service.CompleteWaypointsService   : Retrieved weather data from West Memphis, US
2018-10-10 18:16:22.217  INFO 5100 --- [http-nio-8090-exec-4] c.c.l.service.CompleteWaypointsService   : Fetching weather data
2018-10-10 18:16:22.217  INFO 5100 --- [http-nio-8090-exec-4] c.c.l.service.CompleteWaypointsService   : Getting data from endpoint
2018-10-10 18:16:22.325  INFO 5100 --- [http-nio-8090-exec-4] c.c.l.service.CompleteWaypointsService   : Retrieved weather data from Fourche (historical), US
2018-10-10 18:16:22.325  INFO 5100 --- [http-nio-8090-exec-4] c.c.l.service.CompleteWaypointsService   : Fetching weather data
2018-10-10 18:16:22.326  INFO 5100 --- [http-nio-8090-exec-4] c.c.l.service.CompleteWaypointsService   : Getting data from endpoint
2018-10-10 18:16:22.438  INFO 5100 --- [http-nio-8090-exec-4] c.c.l.service.CompleteWaypointsService   : Retrieved weather data from Royse City, US
2018-10-10 18:16:22.439  INFO 5100 --- [http-nio-8090-exec-4] c.c.l.service.CompleteWaypointsService   : Fetching weather data
2018-10-10 18:16:22.439  INFO 5100 --- [http-nio-8090-exec-4] c.c.l.service.CompleteWaypointsService   : Getting data from endpoint
2018-10-10 18:16:22.551  INFO 5100 --- [http-nio-8090-exec-4] c.c.l.service.CompleteWaypointsService   : Retrieved weather data from Dallas County, US
2018-10-10 18:16:22.551  INFO 5100 --- [http-nio-8090-exec-4] c.c.l.service.CompleteWaypointsService   : Fetching weather data
2018-10-10 18:16:22.552  INFO 5100 --- [http-nio-8090-exec-4] c.c.l.service.CompleteWaypointsService   : Getting data from endpoint
2018-10-10 18:16:22.568  INFO 5100 --- [http-nio-8090-exec-4] c.c.l.service.CompleteWaypointsService   : Retrieved weather data from Dallas, US
2018-10-10 18:16:22.569  INFO 5100 --- [http-nio-8090-exec-4] c.c.l.service.CompleteWaypointsService   : Fetching weather data
2018-10-10 18:16:22.569  INFO 5100 --- [http-nio-8090-exec-4] c.c.l.service.CompleteWaypointsService   : Getting data from endpoint
2018-10-10 18:16:22.583  INFO 5100 --- [http-nio-8090-exec-4] c.c.l.service.CompleteWaypointsService   : Retrieved weather data from Buffalo, US
2018-10-10 18:16:22.584  INFO 5100 --- [http-nio-8090-exec-4] c.c.l.service.CompleteWaypointsService   : Fetching weather data
2018-10-10 18:16:22.584  INFO 5100 --- [http-nio-8090-exec-4] c.c.l.service.CompleteWaypointsService   : Getting data from endpoint
2018-10-10 18:16:22.598  INFO 5100 --- [http-nio-8090-exec-4] c.c.l.service.CompleteWaypointsService   : Retrieved weather data from Dallas, US
2018-10-10 18:16:22.599  INFO 5100 --- [http-nio-8090-exec-4] c.c.l.service.CompleteWaypointsService   : Weather data for all intermediate cities retrieved in(ms): 2238
2018-10-10 18:16:22.599  INFO 5100 --- [http-nio-8090-exec-4] c.c.l.service.CompleteWaypointsService   : Updating/Persisting data to be cached for Buffalo, NY, USA-Dallas, TX, USA
2018-10-10 18:16:22.859  INFO 5100 --- [http-nio-8090-exec-4] c.c.l.service.CompleteWaypointsService   : Persisting data complete
2018-10-10 18:16:22.859  INFO 5100 --- [http-nio-8090-exec-4] c.c.l.service.CompleteWaypointsService   : Retrieved complete waypoint data
2018-10-10 18:16:54.595  INFO 5100 --- [http-nio-8090-exec-5] c.c.l.c.CompleteWaypointsController      : Received request and forwarding it
2018-10-10 18:16:54.595  INFO 5100 --- [http-nio-8090-exec-5] c.c.l.service.CompleteWaypointsService   : Fetching complete waypoint data
2018-10-10 18:16:54.595  INFO 5100 --- [http-nio-8090-exec-5] c.c.l.service.CompleteWaypointsService   : Check for cached data
2018-10-10 18:16:54.596  INFO 5100 --- [http-nio-8090-exec-5] c.c.l.service.CompleteWaypointsService   : Checking if data is cached for Buffalo, NY, USA-Philadelphia, PA, USA
2018-10-10 18:16:54.602  INFO 5100 --- [http-nio-8090-exec-5] c.c.l.service.CompleteWaypointsService   : Fetching direction data from Buffalo, NY, USA to Philadelphia, PA, USA
2018-10-10 18:16:54.603  INFO 5100 --- [http-nio-8090-exec-5] c.c.l.service.CompleteWaypointsService   : Getting data from endpoint
2018-10-10 18:16:55.385  INFO 5100 --- [http-nio-8090-exec-5] c.c.l.service.CompleteWaypointsService   : Direction data retrieved in(ms): 776
2018-10-10 18:16:55.386  INFO 5100 --- [http-nio-8090-exec-5] c.c.l.service.CompleteWaypointsService   : Fetching weather data
2018-10-10 18:16:55.386  INFO 5100 --- [http-nio-8090-exec-5] c.c.l.service.CompleteWaypointsService   : Getting data from endpoint
2018-10-10 18:16:55.422  INFO 5100 --- [http-nio-8090-exec-5] c.c.l.service.CompleteWaypointsService   : Retrieved weather data from Buffalo, US
2018-10-10 18:16:55.422  INFO 5100 --- [http-nio-8090-exec-5] c.c.l.service.CompleteWaypointsService   : Fetching weather data
2018-10-10 18:16:55.423  INFO 5100 --- [http-nio-8090-exec-5] c.c.l.service.CompleteWaypointsService   : Getting data from endpoint
2018-10-10 18:16:55.583  INFO 5100 --- [http-nio-8090-exec-5] c.c.l.service.CompleteWaypointsService   : Retrieved weather data from West Seneca, US
2018-10-10 18:16:55.584  INFO 5100 --- [http-nio-8090-exec-5] c.c.l.service.CompleteWaypointsService   : Fetching weather data
2018-10-10 18:16:55.584  INFO 5100 --- [http-nio-8090-exec-5] c.c.l.service.CompleteWaypointsService   : Getting data from endpoint
2018-10-10 18:16:55.695  INFO 5100 --- [http-nio-8090-exec-5] c.c.l.service.CompleteWaypointsService   : Retrieved weather data from East Aurora, US
2018-10-10 18:16:55.696  INFO 5100 --- [http-nio-8090-exec-5] c.c.l.service.CompleteWaypointsService   : Fetching weather data
2018-10-10 18:16:55.696  INFO 5100 --- [http-nio-8090-exec-5] c.c.l.service.CompleteWaypointsService   : Getting data from endpoint
2018-10-10 18:16:55.806  INFO 5100 --- [http-nio-8090-exec-5] c.c.l.service.CompleteWaypointsService   : Retrieved weather data from Mount Morris, US
2018-10-10 18:16:55.807  INFO 5100 --- [http-nio-8090-exec-5] c.c.l.service.CompleteWaypointsService   : Fetching weather data
2018-10-10 18:16:55.807  INFO 5100 --- [http-nio-8090-exec-5] c.c.l.service.CompleteWaypointsService   : Getting data from endpoint
2018-10-10 18:16:55.828  INFO 5100 --- [http-nio-8090-exec-5] c.c.l.service.CompleteWaypointsService   : Retrieved weather data from South Waverly, US
2018-10-10 18:16:55.828  INFO 5100 --- [http-nio-8090-exec-5] c.c.l.service.CompleteWaypointsService   : Fetching weather data
2018-10-10 18:16:55.829  INFO 5100 --- [http-nio-8090-exec-5] c.c.l.service.CompleteWaypointsService   : Getting data from endpoint
2018-10-10 18:16:55.847  INFO 5100 --- [http-nio-8090-exec-5] c.c.l.service.CompleteWaypointsService   : Retrieved weather data from Port Dickinson, US
2018-10-10 18:16:55.848  INFO 5100 --- [http-nio-8090-exec-5] c.c.l.service.CompleteWaypointsService   : Fetching weather data
2018-10-10 18:16:55.848  INFO 5100 --- [http-nio-8090-exec-5] c.c.l.service.CompleteWaypointsService   : Getting data from endpoint
2018-10-10 18:16:55.958  INFO 5100 --- [http-nio-8090-exec-5] c.c.l.service.CompleteWaypointsService   : Retrieved weather data from Plymouth Meeting, US
2018-10-10 18:16:55.958  INFO 5100 --- [http-nio-8090-exec-5] c.c.l.service.CompleteWaypointsService   : Fetching weather data
2018-10-10 18:16:55.959  INFO 5100 --- [http-nio-8090-exec-5] c.c.l.service.CompleteWaypointsService   : Getting data from endpoint
2018-10-10 18:16:56.402  INFO 5100 --- [http-nio-8090-exec-5] c.c.l.service.CompleteWaypointsService   : Retrieved weather data from Philadelphia, US
2018-10-10 18:16:56.403  INFO 5100 --- [http-nio-8090-exec-5] c.c.l.service.CompleteWaypointsService   : Fetching weather data
2018-10-10 18:16:56.403  INFO 5100 --- [http-nio-8090-exec-5] c.c.l.service.CompleteWaypointsService   : Getting data from endpoint
2018-10-10 18:16:56.420  INFO 5100 --- [http-nio-8090-exec-5] c.c.l.service.CompleteWaypointsService   : Retrieved weather data from Philadelphia, US
2018-10-10 18:16:56.420  INFO 5100 --- [http-nio-8090-exec-5] c.c.l.service.CompleteWaypointsService   : Fetching weather data
2018-10-10 18:16:56.421  INFO 5100 --- [http-nio-8090-exec-5] c.c.l.service.CompleteWaypointsService   : Getting data from endpoint
2018-10-10 18:16:56.435  INFO 5100 --- [http-nio-8090-exec-5] c.c.l.service.CompleteWaypointsService   : Retrieved weather data from Buffalo, US
2018-10-10 18:16:56.435  INFO 5100 --- [http-nio-8090-exec-5] c.c.l.service.CompleteWaypointsService   : Fetching weather data
2018-10-10 18:16:56.436  INFO 5100 --- [http-nio-8090-exec-5] c.c.l.service.CompleteWaypointsService   : Getting data from endpoint
2018-10-10 18:16:56.449  INFO 5100 --- [http-nio-8090-exec-5] c.c.l.service.CompleteWaypointsService   : Retrieved weather data from Philadelphia, US
2018-10-10 18:16:56.450  INFO 5100 --- [http-nio-8090-exec-5] c.c.l.service.CompleteWaypointsService   : Weather data for all intermediate cities retrieved in(ms): 1064
2018-10-10 18:16:56.450  INFO 5100 --- [http-nio-8090-exec-5] c.c.l.service.CompleteWaypointsService   : Updating/Persisting data to be cached for Buffalo, NY, USA-Philadelphia, PA, USA
2018-10-10 18:16:56.547  INFO 5100 --- [http-nio-8090-exec-5] c.c.l.service.CompleteWaypointsService   : Persisting data complete
2018-10-10 18:16:56.547  INFO 5100 --- [http-nio-8090-exec-5] c.c.l.service.CompleteWaypointsService   : Retrieved complete waypoint data
2018-10-10 18:19:43.990  INFO 5100 --- [Thread-4] ConfigServletWebServerApplicationContext : Closing org.springframework.boot.web.servlet.context.AnnotationConfigServletWebServerApplicationContext@1580df59: startup date [Wed Oct 10 18:03:37 EDT 2018]; root of context hierarchy
2018-10-10 18:19:43.994  INFO 5100 --- [Thread-4] o.s.j.e.a.AnnotationMBeanExporter        : Unregistering JMX-exposed beans on shutdown
2018-10-10 18:19:43.995  INFO 5100 --- [Thread-4] o.s.j.e.a.AnnotationMBeanExporter        : Unregistering JMX-exposed beans
2018-10-10 18:19:43.999  INFO 5100 --- [Thread-4] j.LocalContainerEntityManagerFactoryBean : Closing JPA EntityManagerFactory for persistence unit 'default'
2018-10-10 18:19:44.001  INFO 5100 --- [Thread-4] com.zaxxer.hikari.HikariDataSource       : HikariPool-1 - Shutdown initiated...
2018-10-10 18:19:44.010  INFO 5100 --- [Thread-4] com.zaxxer.hikari.HikariDataSource       : HikariPool-1 - Shutdown completed.
